<?xml version="1.0" encoding="UTF-8"?>
<!-- Generated by org.testng.reporters.JUnitReportReporter -->
<testsuite hostname="VIJAY" failures="0" tests="4" name="com.qa.orangehrm.PageTest.vjproductinforpageTest" time="5.844" errors="1" timestamp="2025-05-17T17:07:12 IST" skipped="3">
  <testcase classname="com.qa.orangehrm.PageTest.vjproductinforpageTest" name="setup" time="5.844">
    <error message="Cannot invoke &quot;org.openqa.selenium.WebDriver.manage()&quot; because the return value of &quot;com.qa.orangehrm.Factory.vjDriverFactory.getDriver()&quot; is null" type="java.lang.NullPointerException">
      <![CDATA[java.lang.NullPointerException: Cannot invoke "org.openqa.selenium.WebDriver.manage()" because the return value of "com.qa.orangehrm.Factory.vjDriverFactory.getDriver()" is null
at com.qa.orangehrm.Factory.vjDriverFactory.initialdriver(vjDriverFactory.java:52)
at com.aq.orangehrm.BaseTest.vjBaseTest.setup(vjBaseTest.java:33)
at java.base/jdk.internal.reflect.DirectMethodHandleAccessor.invoke(DirectMethodHandleAccessor.java:103)
at java.base/java.lang.reflect.Method.invoke(Method.java:580)
at org.testng.internal.invokers.MethodInvocationHelper.invokeMethod(MethodInvocationHelper.java:141)
at org.testng.internal.invokers.MethodInvocationHelper.invokeMethodConsideringTimeout(MethodInvocationHelper.java:71)
at org.testng.internal.invokers.ConfigInvoker.invokeConfigurationMethod(ConfigInvoker.java:400)
at org.testng.internal.invokers.ConfigInvoker.invokeConfigurations(ConfigInvoker.java:333)
at org.testng.internal.invokers.TestMethodWorker.invokeBeforeClassMethods(TestMethodWorker.java:188)
at org.testng.internal.invokers.TestMethodWorker.run(TestMethodWorker.java:128)
at java.base/java.util.ArrayList.forEach(ArrayList.java:1597)
at org.testng.TestRunner.privateRun(TestRunner.java:739)
at org.testng.TestRunner.run(TestRunner.java:614)
at org.testng.SuiteRunner.runTest(SuiteRunner.java:421)
at org.testng.SuiteRunner$SuiteWorker.run(SuiteRunner.java:463)
at org.testng.internal.thread.ThreadUtil.lambda$execute$0(ThreadUtil.java:64)
at java.base/java.util.concurrent.FutureTask.run(FutureTask.java:317)
at java.base/java.util.concurrent.ThreadPoolExecutor.runWorker(ThreadPoolExecutor.java:1144)
at java.base/java.util.concurrent.ThreadPoolExecutor$Worker.run(ThreadPoolExecutor.java:642)
at java.base/java.lang.Thread.run(Thread.java:1575)
]]>
    </error>
  </testcase> <!-- setup -->
  <testcase classname="com.qa.orangehrm.PageTest.vjproductinforpageTest" name="productSearchHeaderTest" time="0.000">
    <skipped/>
  </testcase> <!-- productSearchHeaderTest -->
  <testcase classname="com.qa.orangehrm.PageTest.vjproductinforpageTest" name="checktitle" time="0.000">
    <skipped/>
  </testcase> <!-- checktitle -->
  <testcase classname="com.qa.orangehrm.PageTest.vjproductinforpageTest" name="logout" time="0.000">
    <skipped/>
  </testcase> <!-- logout -->
</testsuite> <!-- com.qa.orangehrm.PageTest.vjproductinforpageTest -->
